current directory: /home/files/github/repository/williamcanin/williamcanin.github.io/_gems/bundle/ruby/2.6.0/gems/bigdecimal-1.3.5/ext/bigdecimal
/home/william/.rvm/rubies/ruby-2.6.0/bin/ruby -I /home/william/.rvm/rubies/ruby-2.6.0/lib/ruby/2.6.0 -r ./siteconf20190222-5633-5n59ph.rb extconf.rb
checking for labs() in stdlib.h... yes
checking for llabs() in stdlib.h... yes
checking for finite() in math.h... yes
checking for isfinite() in math.h... no
checking for struct RRational in ruby.h... no
checking for rb_rational_num() in ruby.h... yes
checking for rb_rational_den() in ruby.h... yes
checking for rb_array_const_ptr() in ruby.h... yes
checking for rb_sym2str() in ruby.h... yes
creating Makefile

current directory: /home/files/github/repository/williamcanin/williamcanin.github.io/_gems/bundle/ruby/2.6.0/gems/bigdecimal-1.3.5/ext/bigdecimal
make "DESTDIR=" clean

current directory: /home/files/github/repository/williamcanin/williamcanin.github.io/_gems/bundle/ruby/2.6.0/gems/bigdecimal-1.3.5/ext/bigdecimal
make "DESTDIR="
compiling bigdecimal.c
linking shared-object bigdecimal.so

current directory: /home/files/github/repository/williamcanin/williamcanin.github.io/_gems/bundle/ruby/2.6.0/gems/bigdecimal-1.3.5/ext/bigdecimal
make "DESTDIR=" install
/usr/bin/install -c -m 0755 bigdecimal.so ./.gem.20190222-5633-16gt5e0
