current directory: /home/files/github/repository/williamcanin/williamcanin.github.io/_gems/bundle/ruby/2.6.0/gems/eventmachine-1.2.7/ext/fastfilereader
/home/william/.rvm/rubies/ruby-2.6.0/bin/ruby -I /home/william/.rvm/rubies/ruby-2.6.0/lib/ruby/2.6.0 -r ./siteconf20190222-5633-1ei8pxy.rb extconf.rb
creating Makefile

current directory: /home/files/github/repository/williamcanin/williamcanin.github.io/_gems/bundle/ruby/2.6.0/gems/eventmachine-1.2.7/ext/fastfilereader
make "DESTDIR=" clean

current directory: /home/files/github/repository/williamcanin/williamcanin.github.io/_gems/bundle/ruby/2.6.0/gems/eventmachine-1.2.7/ext/fastfilereader
make "DESTDIR="
compiling mapper.cpp
cc1plus: warning: command line option ‘-Wdeclaration-after-statement’ is valid for C/ObjC but not for C++
cc1plus: warning: command line option ‘-Wimplicit-function-declaration’ is valid for C/ObjC but not for C++
cc1plus: warning: command line option ‘-Wimplicit-int’ is valid for C/ObjC but not for C++
cc1plus: warning: unrecognized command line option ‘-Wno-self-assign’
cc1plus: warning: unrecognized command line option ‘-Wno-parentheses-equality’
cc1plus: warning: unrecognized command line option ‘-Wno-constant-logical-operand’
compiling rubymain.cpp
cc1plus: warning: command line option ‘-Wdeclaration-after-statement’ is valid for C/ObjC but not for C++
cc1plus: warning: command line option ‘-Wimplicit-function-declaration’ is valid for C/ObjC but not for C++
cc1plus: warning: command line option ‘-Wimplicit-int’ is valid for C/ObjC but not for C++
cc1plus: warning: unrecognized command line option ‘-Wno-self-assign’
cc1plus: warning: unrecognized command line option ‘-Wno-parentheses-equality’
cc1plus: warning: unrecognized command line option ‘-Wno-constant-logical-operand’
linking shared-object fastfilereaderext.so

current directory: /home/files/github/repository/williamcanin/williamcanin.github.io/_gems/bundle/ruby/2.6.0/gems/eventmachine-1.2.7/ext/fastfilereader
make "DESTDIR=" install
/usr/bin/install -c -m 0755 fastfilereaderext.so ./.gem.20190222-5633-1n69ydp
